<?xml version="1.0" encoding="UTF-8"?>
<!-- Generated by org.testng.reporters.JUnitReportReporter -->
<testsuite hostname="IPPRAKASHKUMAR" name="se.copernicus.IOS.IOSSimulator" tests="1" failures="0" timestamp="20 Jun 2014 11:03:15 GMT" time="126.617" errors="0">
  <testcase name="TestScript1" time="126.617" classname="se.copernicus.IOS.IOSSimulator"/>
</testsuite> <!-- se.copernicus.IOS.IOSSimulator -->
