<?xml version="1.0" encoding="UTF-8"?>
<!-- Generated by org.testng.reporters.JUnitReportReporter -->
<testsuite hostname="IPPRAKASHKUMAR" name="se.copernicus.IOS.TimeReport" tests="4" failures="0" timestamp="6 Oct 2014 11:42:27 GMT" time="112.219" errors="0">
  <testcase name="test3EditTimeReport" time="19.587" classname="se.copernicus.IOS.TimeReport"/>
  <testcase name="test2AddTimeReport" time="30.480" classname="se.copernicus.IOS.TimeReport"/>
  <testcase name="test4DeleteTimeReport" time="21.685" classname="se.copernicus.IOS.TimeReport"/>
  <testcase name="test1SearchCompany" time="40.467" classname="se.copernicus.IOS.TimeReport"/>
</testsuite> <!-- se.copernicus.IOS.TimeReport -->
