<?xml version="1.0" encoding="UTF-8"?>
<!-- Generated by org.testng.reporters.JUnitReportReporter -->
<testsuite hostname="IPPRAKASHKUMAR" name="se.copernicus.IOS.Login" tests="5" failures="0" timestamp="6 Oct 2014 11:42:28 GMT" time="78.111" errors="0">
  <testcase name="test5LoginTestCase" time="21.689" classname="se.copernicus.IOS.Login"/>
  <testcase name="test4InvalidPassword" time="8.286" classname="se.copernicus.IOS.Login"/>
  <testcase name="test2InvalidLogin" time="13.384" classname="se.copernicus.IOS.Login"/>
  <testcase name="test3DeleteUser" time="21.206" classname="se.copernicus.IOS.Login"/>
  <testcase name="test1LoginFieldsValidation" time="13.546" classname="se.copernicus.IOS.Login"/>
</testsuite> <!-- se.copernicus.IOS.Login -->
