<?xml version="1.0" encoding="UTF-8"?>
<!-- Generated by org.testng.reporters.JUnitReportReporter -->
<testsuite hostname="IPPRAKASHKUMAR" name="se.copernicus.IOS.IOSSimulatorTest" tests="14" failures="0" timestamp="16 Jul 2014 10:41:53 GMT" time="0.045" errors="0">
  <testcase name="AddEventTimeReport" time="0.001" classname="se.copernicus.IOS.IOSSimulatorTest"/>
  <testcase name="ValidateContactStaff" time="0.002" classname="se.copernicus.IOS.IOSSimulatorTest"/>
  <testcase name="InvalidPassword" time="0.004" classname="se.copernicus.IOS.IOSSimulatorTest"/>
  <testcase name="SearchCompany" time="0.002" classname="se.copernicus.IOS.IOSSimulatorTest"/>
  <testcase name="InvalidLogin" time="0.002" classname="se.copernicus.IOS.IOSSimulatorTest"/>
  <testcase name="AutomationTestScripts" time="0.013" classname="se.copernicus.IOS.IOSSimulatorTest"/>
  <testcase name="Login" time="0.002" classname="se.copernicus.IOS.IOSSimulatorTest"/>
  <testcase name="EditTimeReport" time="0.003" classname="se.copernicus.IOS.IOSSimulatorTest"/>
  <testcase name="LoginFieldsValidation" time="0.001" classname="se.copernicus.IOS.IOSSimulatorTest"/>
  <testcase name="Logout" time="0.001" classname="se.copernicus.IOS.IOSSimulatorTest"/>
  <testcase name="DeleteUser" time="0.002" classname="se.copernicus.IOS.IOSSimulatorTest"/>
  <testcase name="ValidateMissingHoursAndSubmit" time="0.001" classname="se.copernicus.IOS.IOSSimulatorTest"/>
  <testcase name="DeleteTimeReport" time="0.008" classname="se.copernicus.IOS.IOSSimulatorTest"/>
  <testcase name="AddTimeReport" time="0.003" classname="se.copernicus.IOS.IOSSimulatorTest"/>
</testsuite> <!-- se.copernicus.IOS.IOSSimulatorTest -->
