<?xml version="1.0" encoding="UTF-8"?>
<!-- Generated by org.testng.reporters.JUnitReportReporter -->
<testsuite hostname="IPPRAKASHKUMAR" name="se.copernicus.IOS.ContactStaff" tests="1" failures="0" timestamp="6 Oct 2014 11:42:28 GMT" time="59.342" errors="0">
  <testcase name="test1ValidateContactStaff" time="59.342" classname="se.copernicus.IOS.ContactStaff"/>
</testsuite> <!-- se.copernicus.IOS.ContactStaff -->
